<?xml version="1.0" encoding="UTF-8"?>
<coverage generated="1577875491454" clover="3.2.0">
  <project timestamp="1577875491454" name="All files">
    <metrics statements="10" coveredstatements="10" conditionals="6" coveredconditionals="6" methods="2" coveredmethods="2" elements="18" coveredelements="18" complexity="0" loc="10" ncloc="10" packages="1" files="1" classes="1"/>
    <file name="character.js" path="C:\Users\Vladimir\Downloads\Netology\Домашние задания продвинутый Javascript\Prototypes\1st task\src\js\character.js">
      <metrics statements="10" coveredstatements="10" conditionals="6" coveredconditionals="6" methods="2" coveredmethods="2"/>
      <line num="2" count="3" type="cond" truecount="4" falsecount="0"/>
      <line num="4" count="2" type="stmt"/>
      <line num="13" count="7" type="stmt"/>
      <line num="14" count="2" type="cond" truecount="2" falsecount="0"/>
      <line num="15" count="1" type="stmt"/>
      <line num="16" count="1" type="stmt"/>
      <line num="17" count="1" type="stmt"/>
      <line num="18" count="1" type="stmt"/>
      <line num="19" count="1" type="stmt"/>
      <line num="20" count="1" type="stmt"/>
    </file>
  </project>
</coverage>
