{"C:\\Users\\Vladimir\\Downloads\\Netology\\Домашние задания продвинутый Javascript\\Prototypes\\1st task\\src\\js\\character.js": {"path":"C:\\Users\\Vladimir\\Downloads\\Netology\\Домашние задания продвинутый Javascript\\Prototypes\\1st task\\src\\js\\character.js","statementMap":{"0":{"start":{"line":2,"column":2},"end":{"line":2,"column":84}},"1":{"start":{"line":2,"column":43},"end":{"line":2,"column":84}},"2":{"start":{"line":4,"column":19},"end":{"line":11,"column":3}},"3":{"start":{"line":13,"column":23},"end":{"line":13,"column":70}},"4":{"start":{"line":13,"column":47},"end":{"line":13,"column":69}},"5":{"start":{"line":14,"column":2},"end":{"line":14,"column":81}},"6":{"start":{"line":14,"column":34},"end":{"line":14,"column":81}},"7":{"start":{"line":15,"column":2},"end":{"line":15,"column":19}},"8":{"start":{"line":16,"column":2},"end":{"line":16,"column":20}},"9":{"start":{"line":17,"column":2},"end":{"line":17,"column":17}},"10":{"start":{"line":18,"column":2},"end":{"line":18,"column":36}},"11":{"start":{"line":19,"column":2},"end":{"line":19,"column":38}},"12":{"start":{"line":20,"column":2},"end":{"line":20,"column":19}}},"fnMap":{"0":{"name":"Character","decl":{"start":{"line":1,"column":24},"end":{"line":1,"column":33}},"loc":{"start":{"line":1,"column":46},"end":{"line":21,"column":1}},"line":1},"1":{"name":"(anonymous_1)","decl":{"start":{"line":13,"column":37},"end":{"line":13,"column":38}},"loc":{"start":{"line":13,"column":47},"end":{"line":13,"column":69}},"line":13}},"branchMap":{"0":{"loc":{"start":{"line":2,"column":2},"end":{"line":2,"column":84}},"type":"if","locations":[{"start":{"line":2,"column":2},"end":{"line":2,"column":84}},{"start":{"line":2,"column":2},"end":{"line":2,"column":84}}],"line":2},"1":{"loc":{"start":{"line":2,"column":6},"end":{"line":2,"column":41}},"type":"binary-expr","locations":[{"start":{"line":2,"column":6},"end":{"line":2,"column":21}},{"start":{"line":2,"column":25},"end":{"line":2,"column":41}}],"line":2},"2":{"loc":{"start":{"line":14,"column":2},"end":{"line":14,"column":81}},"type":"if","locations":[{"start":{"line":14,"column":2},"end":{"line":14,"column":81}},{"start":{"line":14,"column":2},"end":{"line":14,"column":81}}],"line":14}},"s":{"0":3,"1":1,"2":2,"3":2,"4":7,"5":2,"6":1,"7":1,"8":1,"9":1,"10":1,"11":1,"12":1},"f":{"0":3,"1":7},"b":{"0":[1,2],"1":[3,3],"2":[1,1]},"_coverageSchema":"43e27e138ebf9cfc5966b082cf9a028302ed4184","hash":"0af80ab244465a5ed97efcf50e9443aa3d8c990c"}
}
