{"C:\\Users\\Vladimir\\Downloads\\Netology\\Домашние задания продвинутый Javascript\\Prototypes\\1st task\\src\\js\\character.js": {"path":"C:\\Users\\Vladimir\\Downloads\\Netology\\Домашние задания продвинутый Javascript\\Prototypes\\1st task\\src\\js\\character.js","statementMap":{"0":{"start":{"line":2,"column":2},"end":{"line":26,"column":3}},"1":{"start":{"line":3,"column":4},"end":{"line":3,"column":86}},"2":{"start":{"line":3,"column":45},"end":{"line":3,"column":86}},"3":{"start":{"line":5,"column":21},"end":{"line":12,"column":5}},"4":{"start":{"line":14,"column":25},"end":{"line":14,"column":72}},"5":{"start":{"line":14,"column":49},"end":{"line":14,"column":71}},"6":{"start":{"line":16,"column":4},"end":{"line":16,"column":83}},"7":{"start":{"line":16,"column":36},"end":{"line":16,"column":83}},"8":{"start":{"line":18,"column":4},"end":{"line":18,"column":21}},"9":{"start":{"line":19,"column":4},"end":{"line":19,"column":21}},"10":{"start":{"line":20,"column":4},"end":{"line":20,"column":22}},"11":{"start":{"line":21,"column":4},"end":{"line":21,"column":19}},"12":{"start":{"line":22,"column":4},"end":{"line":22,"column":38}},"13":{"start":{"line":23,"column":4},"end":{"line":23,"column":40}},"14":{"start":{"line":25,"column":4},"end":{"line":25,"column":36}}},"fnMap":{"0":{"name":"Character","decl":{"start":{"line":1,"column":24},"end":{"line":1,"column":33}},"loc":{"start":{"line":1,"column":46},"end":{"line":27,"column":1}},"line":1},"1":{"name":"(anonymous_1)","decl":{"start":{"line":14,"column":39},"end":{"line":14,"column":40}},"loc":{"start":{"line":14,"column":49},"end":{"line":14,"column":71}},"line":14}},"branchMap":{"0":{"loc":{"start":{"line":3,"column":4},"end":{"line":3,"column":86}},"type":"if","locations":[{"start":{"line":3,"column":4},"end":{"line":3,"column":86}},{"start":{"line":3,"column":4},"end":{"line":3,"column":86}}],"line":3},"1":{"loc":{"start":{"line":3,"column":8},"end":{"line":3,"column":43}},"type":"binary-expr","locations":[{"start":{"line":3,"column":8},"end":{"line":3,"column":23}},{"start":{"line":3,"column":27},"end":{"line":3,"column":43}}],"line":3},"2":{"loc":{"start":{"line":16,"column":4},"end":{"line":16,"column":83}},"type":"if","locations":[{"start":{"line":16,"column":4},"end":{"line":16,"column":83}},{"start":{"line":16,"column":4},"end":{"line":16,"column":83}}],"line":16}},"s":{"0":3,"1":3,"2":1,"3":2,"4":2,"5":8,"6":2,"7":1,"8":1,"9":1,"10":1,"11":1,"12":1,"13":1,"14":2},"f":{"0":3,"1":8},"b":{"0":[1,2],"1":[3,3],"2":[1,1]},"_coverageSchema":"43e27e138ebf9cfc5966b082cf9a028302ed4184","hash":"1aade4346161cf0926d59c3924de8131b2c65a66"}
}
